<?xml version="1.0" encoding="UTF-8"?>
<!-- Generated by org.testng.reporters.JUnitXMLReporter -->
<testsuite ignored="0" hostname="DESKTOP-PAVFC2D" failures="0" tests="4" name="SanityTests" time="18.532" errors="0" timestamp="2025-03-19T15:48:54 IST">
  <testcase classname="TestCases.HomePageTest" name="tc01_AddToCartTest" time="2.515"/>
  <testcase classname="TestCases.TC_LoginPage" name="TC01_LoginSuccessTest" time="2.062"/>
  <testcase classname="TestCases.TC_LoginPage" name="TC02_LoginFailureTest" time="0.416"/>
  <testcase classname="TestCases.TC_LoginPage" name="TC03_LockedUserTest" time="0.44"/>
</testsuite> <!-- SanityTests -->
