<?xml version="1.0" encoding="UTF-8"?>
<!-- Generated by org.testng.reporters.JUnitXMLReporter -->
<testsuite ignored="0" hostname="INBook_X1" failures="0" tests="4" name="Test" time="10.208" errors="0" timestamp="2024-07-21T23:12:24 IST">
  <testcase classname="TestCases.HomePageTest" name="tc01_AddToCartTest" time="1.101"/>
  <testcase classname="TestCases.TC_LoginPage" name="TC01_LoginSuccessTest" time="1.158"/>
  <testcase classname="TestCases.TC_LoginPage" name="TC02_LoginFailureTest" time="0.268"/>
  <testcase classname="TestCases.TC_LoginPage" name="TC03_LockedUserTest" time="0.262"/>
</testsuite> <!-- Test -->
