<?xml version="1.0" encoding="UTF-8"?>
<testng-results ignored="0" total="4" passed="4" failed="0" skipped="0">
  <reporter-output>
  </reporter-output>
  <suite started-at="2025-03-19T15:15:15 IST" name="Suite" finished-at="2025-03-19T15:15:39 IST" duration-ms="23945">
    <groups>
    </groups>
    <test started-at="2025-03-19T15:15:15 IST" name="Test" finished-at="2025-03-19T15:15:39 IST" duration-ms="23945">
      <class name="TestCases.HomePageTest">
        <test-method is-config="true" signature="StartDriver()[pri:0, instance:TestCases.HomePageTest@4fb61f4a]" started-at="2025-03-19T15:15:15 IST" name="StartDriver" finished-at="2025-03-19T15:15:25 IST" duration-ms="9773" status="PASS">
          <reporter-output>
          </reporter-output>
        </test-method> <!-- StartDriver -->
        <test-method signature="tc01_AddToCartTest()[pri:0, instance:TestCases.HomePageTest@4fb61f4a]" started-at="2025-03-19T15:15:25 IST" name="tc01_AddToCartTest" finished-at="2025-03-19T15:15:29 IST" duration-ms="3679" status="PASS">
          <reporter-output>
          </reporter-output>
        </test-method> <!-- tc01_AddToCartTest -->
        <test-method is-config="true" signature="CloseDriver()[pri:0, instance:TestCases.HomePageTest@4fb61f4a]" started-at="2025-03-19T15:15:29 IST" name="CloseDriver" finished-at="2025-03-19T15:15:29 IST" duration-ms="79" status="PASS">
          <reporter-output>
          </reporter-output>
        </test-method> <!-- CloseDriver -->
      </class> <!-- TestCases.HomePageTest -->
      <class name="TestCases.TC_LoginPage">
        <test-method is-config="true" signature="StartDriver()[pri:0, instance:TestCases.TC_LoginPage@1b7cc17c]" started-at="2025-03-19T15:15:29 IST" name="StartDriver" finished-at="2025-03-19T15:15:31 IST" duration-ms="2544" status="PASS">
          <reporter-output>
          </reporter-output>
        </test-method> <!-- StartDriver -->
        <test-method signature="TC01_LoginSuccessTest()[pri:0, instance:TestCases.TC_LoginPage@1b7cc17c]" started-at="2025-03-19T15:15:31 IST" name="TC01_LoginSuccessTest" finished-at="2025-03-19T15:15:34 IST" duration-ms="2409" status="PASS">
          <reporter-output>
          </reporter-output>
        </test-method> <!-- TC01_LoginSuccessTest -->
        <test-method is-config="true" signature="CloseDriver()[pri:0, instance:TestCases.TC_LoginPage@1b7cc17c]" started-at="2025-03-19T15:15:34 IST" name="CloseDriver" finished-at="2025-03-19T15:15:34 IST" duration-ms="71" status="PASS">
          <reporter-output>
          </reporter-output>
        </test-method> <!-- CloseDriver -->
        <test-method is-config="true" signature="StartDriver()[pri:0, instance:TestCases.TC_LoginPage@1b7cc17c]" started-at="2025-03-19T15:15:34 IST" name="StartDriver" finished-at="2025-03-19T15:15:36 IST" duration-ms="2121" status="PASS">
          <reporter-output>
          </reporter-output>
        </test-method> <!-- StartDriver -->
        <test-method signature="TC02_LoginFailureTest()[pri:0, instance:TestCases.TC_LoginPage@1b7cc17c]" started-at="2025-03-19T15:15:36 IST" name="TC02_LoginFailureTest" finished-at="2025-03-19T15:15:36 IST" duration-ms="362" status="PASS">
          <reporter-output>
          </reporter-output>
        </test-method> <!-- TC02_LoginFailureTest -->
        <test-method is-config="true" signature="CloseDriver()[pri:0, instance:TestCases.TC_LoginPage@1b7cc17c]" started-at="2025-03-19T15:15:36 IST" name="CloseDriver" finished-at="2025-03-19T15:15:36 IST" duration-ms="94" status="PASS">
          <reporter-output>
          </reporter-output>
        </test-method> <!-- CloseDriver -->
        <test-method is-config="true" signature="StartDriver()[pri:0, instance:TestCases.TC_LoginPage@1b7cc17c]" started-at="2025-03-19T15:15:36 IST" name="StartDriver" finished-at="2025-03-19T15:15:39 IST" duration-ms="2254" status="PASS">
          <reporter-output>
          </reporter-output>
        </test-method> <!-- StartDriver -->
        <test-method signature="TC03_LockedUserTest()[pri:0, instance:TestCases.TC_LoginPage@1b7cc17c]" started-at="2025-03-19T15:15:39 IST" name="TC03_LockedUserTest" finished-at="2025-03-19T15:15:39 IST" duration-ms="424" status="PASS">
          <reporter-output>
          </reporter-output>
        </test-method> <!-- TC03_LockedUserTest -->
        <test-method is-config="true" signature="CloseDriver()[pri:0, instance:TestCases.TC_LoginPage@1b7cc17c]" started-at="2025-03-19T15:15:39 IST" name="CloseDriver" finished-at="2025-03-19T15:15:39 IST" duration-ms="49" status="PASS">
          <reporter-output>
          </reporter-output>
        </test-method> <!-- CloseDriver -->
      </class> <!-- TestCases.TC_LoginPage -->
    </test> <!-- Test -->
  </suite> <!-- Suite -->
</testng-results>
