<?xml version="1.0" encoding="UTF-8"?>
<testng-results ignored="0" total="1" passed="1" failed="0" skipped="0">
  <reporter-output>
  </reporter-output>
  <suite started-at="2025-03-23T21:54:20 IST" name="Suite" finished-at="2025-03-23T21:54:28 IST" duration-ms="8120">
    <groups>
      <group name="regression">
        <method signature="HomePageTest.tc01_AddToCartTest()[pri:0, instance:TestCases.HomePageTest@4b013c76]" name="tc01_AddToCartTest" class="TestCases.HomePageTest"/>
      </group> <!-- regression -->
      <group name="sanity">
        <method signature="HomePageTest.tc01_AddToCartTest()[pri:0, instance:TestCases.HomePageTest@4b013c76]" name="tc01_AddToCartTest" class="TestCases.HomePageTest"/>
      </group> <!-- sanity -->
    </groups>
    <test started-at="2025-03-23T21:54:20 IST" name="SanityTests" finished-at="2025-03-23T21:54:28 IST" duration-ms="8120">
      <class name="TestCases.HomePageTest">
        <test-method is-config="true" signature="StartDriver(java.lang.String)[pri:0, instance:TestCases.HomePageTest@4b013c76]" started-at="2025-03-23T21:54:20 IST" name="StartDriver" finished-at="2025-03-23T21:54:24 IST" duration-ms="4044" status="PASS">
          <params>
            <param index="0">
              <value>
                <![CDATA[chrome]]>
              </value>
            </param>
          </params>
          <reporter-output>
          </reporter-output>
        </test-method> <!-- StartDriver -->
        <test-method signature="tc01_AddToCartTest()[pri:0, instance:TestCases.HomePageTest@4b013c76]" started-at="2025-03-23T21:54:24 IST" name="tc01_AddToCartTest" finished-at="2025-03-23T21:54:28 IST" duration-ms="3914" status="PASS">
          <reporter-output>
          </reporter-output>
        </test-method> <!-- tc01_AddToCartTest -->
        <test-method is-config="true" signature="CloseDriver()[pri:0, instance:TestCases.HomePageTest@4b013c76]" started-at="2025-03-23T21:54:28 IST" name="CloseDriver" finished-at="2025-03-23T21:54:28 IST" duration-ms="24" status="PASS">
          <reporter-output>
          </reporter-output>
        </test-method> <!-- CloseDriver -->
      </class> <!-- TestCases.HomePageTest -->
    </test> <!-- SanityTests -->
  </suite> <!-- Suite -->
</testng-results>
